{
  "0 debug pnpm:scope": {
    "selected": 1
  },
  "1 error pnpm": {
    "errno": 2,
    "code": "ELIFECYCLE",
    "pkgid": "webpack-pro@1.0.0",
    "stage": "build",
    "script": "webpack",
    "pkgname": "webpack-pro",
    "err": {
      "name": "pnpm",
      "message": "webpack-pro@1.0.0 build: `webpack`\nExit status 2",
      "code": "ELIFECYCLE",
      "stack": "pnpm: webpack-pro@1.0.0 build: `webpack`\nExit status 2\n    at EventEmitter.<anonymous> (/usr/local/lib/node_modules/pnpm/dist/pnpm.cjs:105724:20)\n    at EventEmitter.emit (node:events:520:28)\n    at ChildProcess.<anonymous> (/usr/local/lib/node_modules/pnpm/dist/pnpm.cjs:92285:18)\n    at ChildProcess.emit (node:events:520:28)\n    at maybeClose (node:internal/child_process:1092:16)\n    at Process.ChildProcess._handle.onexit (node:internal/child_process:302:5)"
    }
  },
  "2 warn pnpm:global": " Local package.json exists, but node_modules missing, did you mean to install?"
}